
> starter_helpi@0.1.0 test
> react-scripts test --coverage

PASS src/App.test.tsx
  App component
    ✓ renders without crashing (47 ms)
    ✓ updatePageState returns correct component (11 ms)

---------------------|---------|----------|---------|---------|----------------------
File                 | % Stmts | % Branch | % Funcs | % Lines | Uncovered Line #s    
---------------------|---------|----------|---------|---------|----------------------
All files            |   17.39 |     6.89 |    9.52 |   18.01 |                      
 src                 |   34.21 |    15.38 |   27.27 |   34.21 |                      
  App.tsx            |   52.17 |    22.22 |      40 |   52.17 | 16,26-32,37-39,47-53 
  index.tsx          |       0 |      100 |     100 |       0 | 7-19                 
  navbar.tsx         |      25 |      100 |      25 |      25 | 20-33                
  reportWebVitals.ts |       0 |        0 |       0 |       0 | 3-10                 
 src/Pages           |    9.09 |        0 |    3.22 |    9.58 |                      
  Basic.tsx          |    9.67 |        0 |       0 |      10 | 36-160,170-171       
  Detailed.tsx       |       4 |        0 |       0 |    4.54 | 19-77                
  Home.tsx           |      50 |      100 |   33.33 |      50 | 27-28                
  Results.tsx        |    6.25 |        0 |       0 |    6.25 | 19-61                
  interests.tsx      |       0 |      100 |       0 |       0 | 6                    
---------------------|---------|----------|---------|---------|----------------------
Test Suites: 1 passed, 1 total
Tests:       2 passed, 2 total
Snapshots:   0 total
Time:        3.091 s
Ran all test suites.
[0;33mOne of your dependencies, babel-preset-react-app, is importing the
"@babel/plugin-proposal-private-property-in-object" package without
declaring it in its dependencies. This is currently working because
"@babel/plugin-proposal-private-property-in-object" is already in your
node_modules folder for unrelated reasons, but it [1mmay break at any time[0;33m.

babel-preset-react-app is part of the create-react-app project, [1mwhich
is not maintianed anymore[0;33m. It is thus unlikely that this bug will
ever be fixed. Add "@babel/plugin-proposal-private-property-in-object" to
your devDependencies to work around this error. This will make this message
go away.[0m
  
